2022-07-06 09:15:26,629 INFO Node <naming_service_metadata/80bd066454ed:7848> shutdown, currTerm=1 state=STATE_LEADER.

2022-07-06 09:15:26,638 INFO Fail to find the next candidate.

2022-07-06 09:15:26,643 INFO onLeaderStop: status=Status[ESHUTDOWN<1007>: Raft node is going to quit.].

2022-07-06 09:15:26,669 INFO Save raft meta, path=/home/nacos/data/protocol/raft/naming_service_metadata/meta-data, term=1, votedFor=80bd066454ed:7848, cost time=13 ms

2022-07-06 09:15:26,669 INFO Shutting down FSMCaller...

2022-07-06 09:15:26,669 INFO onShutdown.

2022-07-06 09:15:26,670 INFO ThreadPool is terminated: JRaft-RPC-Processor, com.alipay.sofa.jraft.util.MetricThreadPoolExecutor@3d9f6e38[Shutting down, pool size = 0, active threads = 0, queued tasks = 0, completed tasks = 0].

2022-07-06 09:15:26,675 INFO ThreadPool is terminated: JRaft-Node-ScheduleThreadPool, com.alipay.sofa.jraft.util.MetricScheduledThreadPoolExecutor@5fb2fd37[Shutting down, pool size = 0, active threads = 0, queued tasks = 0, completed tasks = 0].

2022-07-06 09:15:26,675 INFO Destroy timer: RepeatedTimer{timeout=null, stopped=true, running=false, destroyed=true, invoking=false, timeoutMs=5000, name='JRaft-ElectionTimer-<naming_service_metadata/80bd066454ed:7848>'}.

2022-07-06 09:15:26,675 INFO Destroy timer: RepeatedTimer{timeout=null, stopped=true, running=false, destroyed=true, invoking=false, timeoutMs=5000, name='JRaft-VoteTimer-<naming_service_metadata/80bd066454ed:7848>'}.

2022-07-06 09:15:26,675 INFO Destroy timer: RepeatedTimer{timeout=null, stopped=true, running=false, destroyed=true, invoking=false, timeoutMs=2500, name='JRaft-StepDownTimer-<naming_service_metadata/80bd066454ed:7848>'}.

2022-07-06 09:15:26,675 INFO Destroy timer: RepeatedTimer{timeout=null, stopped=true, running=false, destroyed=true, invoking=false, timeoutMs=1800000, name='JRaft-SnapshotTimer-<naming_service_metadata/80bd066454ed:7848>'}.

2022-07-06 09:15:26,675 INFO Node <naming_service_metadata/80bd066454ed:7848> shutdown, currTerm=1 state=STATE_SHUTTING.

2022-07-06 09:15:26,676 INFO Stop the RaftGroupService successfully.

2022-07-06 09:15:26,676 INFO Node <naming_instance_metadata/80bd066454ed:7848> shutdown, currTerm=1 state=STATE_LEADER.

2022-07-06 09:15:26,676 INFO onLeaderStop: status=Status[ESHUTDOWN<1007>: Raft node is going to quit.].

2022-07-06 09:15:26,676 INFO Fail to find the next candidate.

2022-07-06 09:15:26,677 INFO The number of active nodes decrement to 2.

2022-07-06 09:15:26,689 INFO Save raft meta, path=/home/nacos/data/protocol/raft/naming_instance_metadata/meta-data, term=1, votedFor=80bd066454ed:7848, cost time=12 ms

2022-07-06 09:15:26,689 INFO Shutting down FSMCaller...

2022-07-06 09:15:26,689 INFO onShutdown.

2022-07-06 09:15:26,690 INFO ThreadPool is terminated: JRaft-RPC-Processor, com.alipay.sofa.jraft.util.MetricThreadPoolExecutor@1c2b2191[Shutting down, pool size = 0, active threads = 0, queued tasks = 0, completed tasks = 0].

2022-07-06 09:15:26,690 INFO ThreadPool is terminated: JRaft-Node-ScheduleThreadPool, com.alipay.sofa.jraft.util.MetricScheduledThreadPoolExecutor@5a836282[Shutting down, pool size = 0, active threads = 0, queued tasks = 0, completed tasks = 0].

2022-07-06 09:15:26,690 INFO Destroy timer: RepeatedTimer{timeout=null, stopped=true, running=false, destroyed=true, invoking=false, timeoutMs=5000, name='JRaft-ElectionTimer-<naming_instance_metadata/80bd066454ed:7848>'}.

2022-07-06 09:15:26,690 INFO Destroy timer: RepeatedTimer{timeout=null, stopped=true, running=false, destroyed=true, invoking=false, timeoutMs=5000, name='JRaft-VoteTimer-<naming_instance_metadata/80bd066454ed:7848>'}.

2022-07-06 09:15:26,690 INFO Destroy timer: RepeatedTimer{timeout=null, stopped=true, running=false, destroyed=true, invoking=false, timeoutMs=2500, name='JRaft-StepDownTimer-<naming_instance_metadata/80bd066454ed:7848>'}.

2022-07-06 09:15:26,690 INFO Destroy timer: RepeatedTimer{timeout=null, stopped=true, running=false, destroyed=true, invoking=false, timeoutMs=1800000, name='JRaft-SnapshotTimer-<naming_instance_metadata/80bd066454ed:7848>'}.

2022-07-06 09:15:26,690 INFO The number of active nodes decrement to 1.

2022-07-06 09:15:26,690 INFO Node <naming_instance_metadata/80bd066454ed:7848> shutdown, currTerm=1 state=STATE_SHUTTING.

2022-07-06 09:15:26,691 INFO Stop the RaftGroupService successfully.

2022-07-06 09:15:26,691 INFO Node <naming_persistent_service_v2/80bd066454ed:7848> shutdown, currTerm=1 state=STATE_LEADER.

2022-07-06 09:15:26,691 INFO onLeaderStop: status=Status[ESHUTDOWN<1007>: Raft node is going to quit.].

2022-07-06 09:15:26,691 INFO Fail to find the next candidate.

2022-07-06 09:15:26,700 INFO Save raft meta, path=/home/nacos/data/protocol/raft/naming_persistent_service_v2/meta-data, term=1, votedFor=80bd066454ed:7848, cost time=7 ms

2022-07-06 09:15:26,700 INFO Shutting down FSMCaller...

2022-07-06 09:15:26,700 INFO onShutdown.

2022-07-06 09:15:26,700 INFO ThreadPool is terminated: JRaft-RPC-Processor, com.alipay.sofa.jraft.util.MetricThreadPoolExecutor@419410dc[Shutting down, pool size = 0, active threads = 0, queued tasks = 0, completed tasks = 0].

2022-07-06 09:15:26,700 INFO ThreadPool is terminated: JRaft-Node-ScheduleThreadPool, com.alipay.sofa.jraft.util.MetricScheduledThreadPoolExecutor@907069c[Shutting down, pool size = 0, active threads = 0, queued tasks = 0, completed tasks = 0].

2022-07-06 09:15:26,700 INFO The number of active nodes decrement to 0.

2022-07-06 09:15:26,702 INFO ThreadPool is terminated: JRaft-Global-ElectionTimer, com.alipay.sofa.jraft.util.MetricScheduledThreadPoolExecutor@6f2a82f[Shutting down, pool size = 0, active threads = 0, queued tasks = 0, completed tasks = 3].

2022-07-06 09:15:26,703 INFO Destroy timer: RepeatedTimer{timeout=null, stopped=true, running=false, destroyed=true, invoking=false, timeoutMs=5000, name='JRaft-ElectionTimer-<naming_persistent_service_v2/80bd066454ed:7848>'}.

2022-07-06 09:15:26,704 INFO ThreadPool is terminated: JRaft-Global-VoteTimer, com.alipay.sofa.jraft.util.MetricScheduledThreadPoolExecutor@7cb8d3c1[Shutting down, pool size = 0, active threads = 0, queued tasks = 0, completed tasks = 3].

2022-07-06 09:15:26,704 INFO Destroy timer: RepeatedTimer{timeout=null, stopped=true, running=false, destroyed=true, invoking=false, timeoutMs=5000, name='JRaft-VoteTimer-<naming_persistent_service_v2/80bd066454ed:7848>'}.

2022-07-06 09:15:26,705 INFO ThreadPool is terminated: JRaft-Global-StepDownTimer, com.alipay.sofa.jraft.util.MetricScheduledThreadPoolExecutor@72c4988c[Shutting down, pool size = 0, active threads = 0, queued tasks = 0, completed tasks = 44301].

2022-07-06 09:15:26,705 INFO Destroy timer: RepeatedTimer{timeout=null, stopped=true, running=false, destroyed=true, invoking=false, timeoutMs=2500, name='JRaft-StepDownTimer-<naming_persistent_service_v2/80bd066454ed:7848>'}.

2022-07-06 09:15:26,705 INFO ThreadPool is terminated: JRaft-Global-SnapshotTimer, com.alipay.sofa.jraft.util.MetricScheduledThreadPoolExecutor@4c659984[Shutting down, pool size = 2, active threads = 0, queued tasks = 0, completed tasks = 60].

2022-07-06 09:15:26,705 INFO Destroy timer: RepeatedTimer{timeout=null, stopped=true, running=false, destroyed=true, invoking=false, timeoutMs=1800000, name='JRaft-SnapshotTimer-<naming_persistent_service_v2/80bd066454ed:7848>'}.

2022-07-06 09:15:26,705 INFO Node <naming_persistent_service_v2/80bd066454ed:7848> shutdown, currTerm=1 state=STATE_SHUTTING.

2022-07-06 09:15:26,705 INFO Stop the RaftGroupService successfully.

2022-07-06 09:15:26,706 INFO Shutdown managed channel: 80bd066454ed:7848, ManagedChannelOrphanWrapper{delegate=ManagedChannelImpl{logId=12, target=80bd066454ed:7848}}.

2022-07-06 09:15:26,764 INFO ThreadPool is terminated: JRaft-RPC-Processor, com.alipay.sofa.jraft.util.MetricThreadPoolExecutor@2cb08335[Shutting down, pool size = 19, active threads = 0, queued tasks = 0, completed tasks = 37088].

2022-07-06 09:15:26,765 INFO Connection disconnected: /172.18.0.3:35068

2022-07-06 09:36:53,608 INFO SPI service [com.alipay.sofa.jraft.JRaftServiceFactory - com.alipay.sofa.jraft.core.DefaultJRaftServiceFactory] loading.

2022-07-06 09:36:53,748 INFO SPI service [com.alipay.sofa.jraft.rpc.RaftRpcFactory - com.alipay.sofa.jraft.rpc.impl.GrpcRaftRpcFactory] loading.

2022-07-06 09:36:54,169 INFO SPI service [com.alipay.sofa.jraft.util.JRaftSignalHandler - com.alipay.sofa.jraft.NodeDescribeSignalHandler] loading.

2022-07-06 09:36:54,174 INFO SPI service [com.alipay.sofa.jraft.util.JRaftSignalHandler - com.alipay.sofa.jraft.NodeMetricsSignalHandler] loading.

2022-07-06 09:36:54,175 INFO SPI service [com.alipay.sofa.jraft.util.JRaftSignalHandler - com.alipay.sofa.jraft.ThreadPoolMetricsSignalHandler] loading.

2022-07-06 09:36:54,180 INFO SPI service [com.alipay.sofa.jraft.util.timer.RaftTimerFactory - com.alipay.sofa.jraft.util.timer.DefaultRaftTimerFactory] loading.

2022-07-06 09:36:54,222 INFO The number of active nodes increment to 1.

2022-07-06 09:36:54,672 INFO Starts FSMCaller successfully.

2022-07-06 09:36:54,706 WARN No data for snapshot reader /home/nacos/data/protocol/raft/naming_persistent_service_v2/snapshot.

2022-07-06 09:36:54,763 INFO Node <naming_persistent_service_v2/368ed9bb5158:7848> init, term=0, lastLogId=LogId [index=0, term=0], conf=368ed9bb5158:7848, oldConf=.

2022-07-06 09:36:54,767 INFO Node <naming_persistent_service_v2/368ed9bb5158:7848> start vote and grant vote self, term=0.

2022-07-06 09:36:54,820 INFO Save raft meta, path=/home/nacos/data/protocol/raft/naming_persistent_service_v2/meta-data, term=1, votedFor=368ed9bb5158:7848, cost time=44 ms

2022-07-06 09:36:54,820 INFO Node <naming_persistent_service_v2/368ed9bb5158:7848> become leader of group, term=1, conf=368ed9bb5158:7848, oldConf=.

2022-07-06 09:36:54,833 INFO -Djraft.recyclers.maxCapacityPerThread: 4096.

2022-07-06 09:36:54,844 WARN RPC server is not started in RaftGroupService.

2022-07-06 09:36:54,844 INFO Start the RaftGroupService successfully.

2022-07-06 09:36:54,863 INFO onLeaderStart: term=1.

2022-07-06 09:36:54,963 INFO The number of active nodes increment to 2.

2022-07-06 09:36:55,190 WARN Channel in TRANSIENT_FAILURE state: 368ed9bb5158:7848.

2022-07-06 09:36:55,190 WARN Channel in SHUTDOWN state: 368ed9bb5158:7848.

2022-07-06 09:36:55,230 INFO Starts FSMCaller successfully.

2022-07-06 09:36:55,230 WARN No data for snapshot reader /home/nacos/data/protocol/raft/naming_instance_metadata/snapshot.

2022-07-06 09:36:55,258 INFO Node <naming_instance_metadata/368ed9bb5158:7848> init, term=0, lastLogId=LogId [index=0, term=0], conf=368ed9bb5158:7848, oldConf=.

2022-07-06 09:36:55,294 INFO Node <naming_instance_metadata/368ed9bb5158:7848> start vote and grant vote self, term=0.

2022-07-06 09:36:55,418 INFO Save raft meta, path=/home/nacos/data/protocol/raft/naming_instance_metadata/meta-data, term=1, votedFor=368ed9bb5158:7848, cost time=117 ms

2022-07-06 09:36:55,418 INFO Node <naming_instance_metadata/368ed9bb5158:7848> become leader of group, term=1, conf=368ed9bb5158:7848, oldConf=.

2022-07-06 09:36:55,433 WARN RPC server is not started in RaftGroupService.

2022-07-06 09:36:55,433 INFO Start the RaftGroupService successfully.

2022-07-06 09:36:55,459 INFO onLeaderStart: term=1.

2022-07-06 09:36:55,470 INFO The number of active nodes increment to 3.

2022-07-06 09:36:55,862 INFO Starts FSMCaller successfully.

2022-07-06 09:36:55,863 WARN No data for snapshot reader /home/nacos/data/protocol/raft/naming_service_metadata/snapshot.

2022-07-06 09:36:55,864 INFO Node <naming_service_metadata/368ed9bb5158:7848> init, term=0, lastLogId=LogId [index=0, term=0], conf=368ed9bb5158:7848, oldConf=.

2022-07-06 09:36:55,864 INFO Node <naming_service_metadata/368ed9bb5158:7848> start vote and grant vote self, term=0.

2022-07-06 09:36:55,877 INFO Save raft meta, path=/home/nacos/data/protocol/raft/naming_service_metadata/meta-data, term=1, votedFor=368ed9bb5158:7848, cost time=12 ms

2022-07-06 09:36:55,877 INFO Node <naming_service_metadata/368ed9bb5158:7848> become leader of group, term=1, conf=368ed9bb5158:7848, oldConf=.

2022-07-06 09:36:55,877 WARN RPC server is not started in RaftGroupService.

2022-07-06 09:36:55,877 INFO Start the RaftGroupService successfully.

2022-07-06 09:36:55,890 INFO onLeaderStart: term=1.

2022-07-06 09:36:56,231 ERROR Fail to connect 368ed9bb5158:7848, remoting exception: java.util.concurrent.ExecutionException: io.grpc.StatusRuntimeException: DEADLINE_EXCEEDED: deadline exceeded after 0.771617998s. [buffered_nanos=773594297, waiting_for_connection].

2022-07-06 09:36:56,231 ERROR Fail to connect peer 368ed9bb5158:7848 to get leader for group naming_persistent_service_v2.

2022-07-06 09:41:04,142 INFO Node <naming_service_metadata/368ed9bb5158:7848> shutdown, currTerm=1 state=STATE_LEADER.

2022-07-06 09:41:04,152 INFO Fail to find the next candidate.

2022-07-06 09:41:04,159 INFO onLeaderStop: status=Status[ESHUTDOWN<1007>: Raft node is going to quit.].

2022-07-06 09:41:04,192 INFO Save raft meta, path=/home/nacos/data/protocol/raft/naming_service_metadata/meta-data, term=1, votedFor=368ed9bb5158:7848, cost time=14 ms

2022-07-06 09:41:04,192 INFO Shutting down FSMCaller...

2022-07-06 09:41:04,192 INFO onShutdown.

2022-07-06 09:41:04,193 INFO ThreadPool is terminated: JRaft-RPC-Processor, com.alipay.sofa.jraft.util.MetricThreadPoolExecutor@2dce7f95[Shutting down, pool size = 0, active threads = 0, queued tasks = 0, completed tasks = 0].

2022-07-06 09:41:04,194 INFO ThreadPool is terminated: JRaft-Node-ScheduleThreadPool, com.alipay.sofa.jraft.util.MetricScheduledThreadPoolExecutor@10b7ee93[Shutting down, pool size = 0, active threads = 0, queued tasks = 0, completed tasks = 0].

2022-07-06 09:41:04,194 INFO Destroy timer: RepeatedTimer{timeout=null, stopped=true, running=false, destroyed=true, invoking=false, timeoutMs=5000, name='JRaft-ElectionTimer-<naming_service_metadata/368ed9bb5158:7848>'}.

2022-07-06 09:41:04,194 INFO Destroy timer: RepeatedTimer{timeout=null, stopped=true, running=false, destroyed=true, invoking=false, timeoutMs=5000, name='JRaft-VoteTimer-<naming_service_metadata/368ed9bb5158:7848>'}.

2022-07-06 09:41:04,194 INFO Destroy timer: RepeatedTimer{timeout=null, stopped=true, running=false, destroyed=true, invoking=false, timeoutMs=2500, name='JRaft-StepDownTimer-<naming_service_metadata/368ed9bb5158:7848>'}.

2022-07-06 09:41:04,194 INFO Destroy timer: RepeatedTimer{timeout=null, stopped=true, running=false, destroyed=true, invoking=false, timeoutMs=1800000, name='JRaft-SnapshotTimer-<naming_service_metadata/368ed9bb5158:7848>'}.

2022-07-06 09:41:04,207 INFO Node <naming_service_metadata/368ed9bb5158:7848> shutdown, currTerm=1 state=STATE_SHUTTING.

2022-07-06 09:41:04,207 INFO Stop the RaftGroupService successfully.

2022-07-06 09:41:04,207 INFO Node <naming_instance_metadata/368ed9bb5158:7848> shutdown, currTerm=1 state=STATE_LEADER.

2022-07-06 09:41:04,207 INFO Fail to find the next candidate.

2022-07-06 09:41:04,211 INFO The number of active nodes decrement to 2.

2022-07-06 09:41:04,211 INFO onLeaderStop: status=Status[ESHUTDOWN<1007>: Raft node is going to quit.].

2022-07-06 09:41:04,234 INFO Save raft meta, path=/home/nacos/data/protocol/raft/naming_instance_metadata/meta-data, term=1, votedFor=368ed9bb5158:7848, cost time=26 ms

2022-07-06 09:41:04,234 INFO Shutting down FSMCaller...

2022-07-06 09:41:04,234 INFO onShutdown.

2022-07-06 09:41:04,235 INFO ThreadPool is terminated: JRaft-RPC-Processor, com.alipay.sofa.jraft.util.MetricThreadPoolExecutor@1214b47b[Shutting down, pool size = 0, active threads = 0, queued tasks = 0, completed tasks = 0].

2022-07-06 09:41:04,235 INFO ThreadPool is terminated: JRaft-Node-ScheduleThreadPool, com.alipay.sofa.jraft.util.MetricScheduledThreadPoolExecutor@4c78437b[Shutting down, pool size = 0, active threads = 0, queued tasks = 0, completed tasks = 0].

2022-07-06 09:41:04,235 INFO Destroy timer: RepeatedTimer{timeout=null, stopped=true, running=false, destroyed=true, invoking=false, timeoutMs=5000, name='JRaft-ElectionTimer-<naming_instance_metadata/368ed9bb5158:7848>'}.

2022-07-06 09:41:04,235 INFO Destroy timer: RepeatedTimer{timeout=null, stopped=true, running=false, destroyed=true, invoking=false, timeoutMs=5000, name='JRaft-VoteTimer-<naming_instance_metadata/368ed9bb5158:7848>'}.

2022-07-06 09:41:04,235 INFO Destroy timer: RepeatedTimer{timeout=null, stopped=true, running=false, destroyed=true, invoking=false, timeoutMs=2500, name='JRaft-StepDownTimer-<naming_instance_metadata/368ed9bb5158:7848>'}.

2022-07-06 09:41:04,235 INFO Destroy timer: RepeatedTimer{timeout=null, stopped=true, running=false, destroyed=true, invoking=false, timeoutMs=1800000, name='JRaft-SnapshotTimer-<naming_instance_metadata/368ed9bb5158:7848>'}.

2022-07-06 09:41:04,235 INFO The number of active nodes decrement to 1.

2022-07-06 09:41:04,236 INFO Node <naming_instance_metadata/368ed9bb5158:7848> shutdown, currTerm=1 state=STATE_SHUTTING.

2022-07-06 09:41:04,236 INFO Stop the RaftGroupService successfully.

2022-07-06 09:41:04,236 INFO Node <naming_persistent_service_v2/368ed9bb5158:7848> shutdown, currTerm=1 state=STATE_LEADER.

2022-07-06 09:41:04,236 INFO Fail to find the next candidate.

2022-07-06 09:41:04,250 INFO onLeaderStop: status=Status[ESHUTDOWN<1007>: Raft node is going to quit.].

2022-07-06 09:41:04,260 INFO Save raft meta, path=/home/nacos/data/protocol/raft/naming_persistent_service_v2/meta-data, term=1, votedFor=368ed9bb5158:7848, cost time=25 ms

2022-07-06 09:41:04,260 INFO Shutting down FSMCaller...

2022-07-06 09:41:04,260 INFO onShutdown.

2022-07-06 09:41:04,261 INFO ThreadPool is terminated: JRaft-RPC-Processor, com.alipay.sofa.jraft.util.MetricThreadPoolExecutor@55eccaea[Shutting down, pool size = 0, active threads = 0, queued tasks = 0, completed tasks = 0].

2022-07-06 09:41:04,261 INFO ThreadPool is terminated: JRaft-Node-ScheduleThreadPool, com.alipay.sofa.jraft.util.MetricScheduledThreadPoolExecutor@7a0075b2[Shutting down, pool size = 0, active threads = 0, queued tasks = 0, completed tasks = 0].

2022-07-06 09:41:04,262 INFO The number of active nodes decrement to 0.

2022-07-06 09:41:04,263 INFO ThreadPool is terminated: JRaft-Global-ElectionTimer, com.alipay.sofa.jraft.util.MetricScheduledThreadPoolExecutor@308a82b3[Shutting down, pool size = 0, active threads = 0, queued tasks = 0, completed tasks = 3].

2022-07-06 09:41:04,265 INFO Destroy timer: RepeatedTimer{timeout=null, stopped=true, running=false, destroyed=true, invoking=false, timeoutMs=5000, name='JRaft-ElectionTimer-<naming_persistent_service_v2/368ed9bb5158:7848>'}.

2022-07-06 09:41:04,267 INFO ThreadPool is terminated: JRaft-Global-VoteTimer, com.alipay.sofa.jraft.util.MetricScheduledThreadPoolExecutor@4786a8ed[Shutting down, pool size = 0, active threads = 0, queued tasks = 0, completed tasks = 3].

2022-07-06 09:41:04,267 INFO Destroy timer: RepeatedTimer{timeout=null, stopped=true, running=false, destroyed=true, invoking=false, timeoutMs=5000, name='JRaft-VoteTimer-<naming_persistent_service_v2/368ed9bb5158:7848>'}.

2022-07-06 09:41:04,268 INFO ThreadPool is terminated: JRaft-Global-StepDownTimer, com.alipay.sofa.jraft.util.MetricScheduledThreadPoolExecutor@7d404e67[Shutting down, pool size = 0, active threads = 0, queued tasks = 0, completed tasks = 297].

2022-07-06 09:41:04,268 INFO Destroy timer: RepeatedTimer{timeout=null, stopped=true, running=false, destroyed=true, invoking=false, timeoutMs=2500, name='JRaft-StepDownTimer-<naming_persistent_service_v2/368ed9bb5158:7848>'}.

2022-07-06 09:41:04,274 INFO ThreadPool is terminated: JRaft-Global-SnapshotTimer, com.alipay.sofa.jraft.util.MetricScheduledThreadPoolExecutor@74415182[Shutting down, pool size = 0, active threads = 0, queued tasks = 0, completed tasks = 0].

2022-07-06 09:41:04,275 INFO Destroy timer: RepeatedTimer{timeout=null, stopped=true, running=false, destroyed=true, invoking=false, timeoutMs=1800000, name='JRaft-SnapshotTimer-<naming_persistent_service_v2/368ed9bb5158:7848>'}.

2022-07-06 09:41:04,275 INFO Node <naming_persistent_service_v2/368ed9bb5158:7848> shutdown, currTerm=1 state=STATE_SHUTTING.

2022-07-06 09:41:04,275 INFO Stop the RaftGroupService successfully.

2022-07-06 09:41:04,275 INFO Shutdown managed channel: 368ed9bb5158:7848, ManagedChannelOrphanWrapper{delegate=ManagedChannelImpl{logId=10, target=368ed9bb5158:7848}}.

2022-07-06 09:41:04,305 INFO ThreadPool is terminated: JRaft-RPC-Processor, com.alipay.sofa.jraft.util.MetricThreadPoolExecutor@7ba18248[Shutting down, pool size = 7, active threads = 0, queued tasks = 0, completed tasks = 196].

2022-07-06 09:41:04,373 INFO Connection disconnected: /172.25.0.3:39046

2022-07-06 11:09:07,664 INFO SPI service [com.alipay.sofa.jraft.JRaftServiceFactory - com.alipay.sofa.jraft.core.DefaultJRaftServiceFactory] loading.

2022-07-06 11:09:07,823 INFO SPI service [com.alipay.sofa.jraft.rpc.RaftRpcFactory - com.alipay.sofa.jraft.rpc.impl.GrpcRaftRpcFactory] loading.

2022-07-06 11:09:08,112 INFO SPI service [com.alipay.sofa.jraft.util.JRaftSignalHandler - com.alipay.sofa.jraft.NodeDescribeSignalHandler] loading.

2022-07-06 11:09:08,113 INFO SPI service [com.alipay.sofa.jraft.util.JRaftSignalHandler - com.alipay.sofa.jraft.NodeMetricsSignalHandler] loading.

2022-07-06 11:09:08,114 INFO SPI service [com.alipay.sofa.jraft.util.JRaftSignalHandler - com.alipay.sofa.jraft.ThreadPoolMetricsSignalHandler] loading.

2022-07-06 11:09:08,123 INFO SPI service [com.alipay.sofa.jraft.util.timer.RaftTimerFactory - com.alipay.sofa.jraft.util.timer.DefaultRaftTimerFactory] loading.

2022-07-06 11:09:08,137 INFO The number of active nodes increment to 1.

2022-07-06 11:09:08,710 INFO Starts FSMCaller successfully.

2022-07-06 11:09:08,727 WARN No data for snapshot reader /home/nacos/data/protocol/raft/naming_persistent_service_v2/snapshot.

2022-07-06 11:09:08,756 INFO Node <naming_persistent_service_v2/53e46a840d8c:7848> init, term=0, lastLogId=LogId [index=0, term=0], conf=53e46a840d8c:7848, oldConf=.

2022-07-06 11:09:08,759 INFO Node <naming_persistent_service_v2/53e46a840d8c:7848> start vote and grant vote self, term=0.

2022-07-06 11:09:08,802 INFO Save raft meta, path=/home/nacos/data/protocol/raft/naming_persistent_service_v2/meta-data, term=1, votedFor=53e46a840d8c:7848, cost time=34 ms

2022-07-06 11:09:08,802 INFO Node <naming_persistent_service_v2/53e46a840d8c:7848> become leader of group, term=1, conf=53e46a840d8c:7848, oldConf=.

2022-07-06 11:09:08,815 INFO -Djraft.recyclers.maxCapacityPerThread: 4096.

2022-07-06 11:09:08,840 WARN RPC server is not started in RaftGroupService.

2022-07-06 11:09:08,840 INFO Start the RaftGroupService successfully.

2022-07-06 11:09:08,852 INFO onLeaderStart: term=1.

2022-07-06 11:09:08,903 INFO The number of active nodes increment to 2.

2022-07-06 11:09:09,042 WARN Channel in TRANSIENT_FAILURE state: 53e46a840d8c:7848.

2022-07-06 11:09:09,042 WARN Channel in SHUTDOWN state: 53e46a840d8c:7848.

2022-07-06 11:09:09,080 INFO Starts FSMCaller successfully.

2022-07-06 11:09:09,080 WARN No data for snapshot reader /home/nacos/data/protocol/raft/naming_instance_metadata/snapshot.

2022-07-06 11:09:09,085 INFO Node <naming_instance_metadata/53e46a840d8c:7848> init, term=0, lastLogId=LogId [index=0, term=0], conf=53e46a840d8c:7848, oldConf=.

2022-07-06 11:09:09,091 INFO Node <naming_instance_metadata/53e46a840d8c:7848> start vote and grant vote self, term=0.

2022-07-06 11:09:09,110 INFO Save raft meta, path=/home/nacos/data/protocol/raft/naming_instance_metadata/meta-data, term=1, votedFor=53e46a840d8c:7848, cost time=11 ms

2022-07-06 11:09:09,110 INFO Node <naming_instance_metadata/53e46a840d8c:7848> become leader of group, term=1, conf=53e46a840d8c:7848, oldConf=.

2022-07-06 11:09:09,115 WARN RPC server is not started in RaftGroupService.

2022-07-06 11:09:09,115 INFO Start the RaftGroupService successfully.

2022-07-06 11:09:09,211 INFO onLeaderStart: term=1.

2022-07-06 11:09:09,211 INFO The number of active nodes increment to 3.

2022-07-06 11:09:09,542 INFO Starts FSMCaller successfully.

2022-07-06 11:09:09,543 WARN No data for snapshot reader /home/nacos/data/protocol/raft/naming_service_metadata/snapshot.

2022-07-06 11:09:09,548 INFO Node <naming_service_metadata/53e46a840d8c:7848> init, term=0, lastLogId=LogId [index=0, term=0], conf=53e46a840d8c:7848, oldConf=.

2022-07-06 11:09:09,548 INFO Node <naming_service_metadata/53e46a840d8c:7848> start vote and grant vote self, term=0.

2022-07-06 11:09:09,556 INFO Save raft meta, path=/home/nacos/data/protocol/raft/naming_service_metadata/meta-data, term=1, votedFor=53e46a840d8c:7848, cost time=8 ms

2022-07-06 11:09:09,556 INFO Node <naming_service_metadata/53e46a840d8c:7848> become leader of group, term=1, conf=53e46a840d8c:7848, oldConf=.

2022-07-06 11:09:09,557 WARN RPC server is not started in RaftGroupService.

2022-07-06 11:09:09,557 INFO Start the RaftGroupService successfully.

2022-07-06 11:09:09,578 INFO onLeaderStart: term=1.

2022-07-06 11:09:10,080 ERROR Fail to connect 53e46a840d8c:7848, remoting exception: java.util.concurrent.ExecutionException: io.grpc.StatusRuntimeException: DEADLINE_EXCEEDED: deadline exceeded after 0.825117100s. [buffered_nanos=832288076, waiting_for_connection].

2022-07-06 11:09:10,080 ERROR Fail to connect peer 53e46a840d8c:7848 to get leader for group naming_persistent_service_v2.

2022-07-06 11:13:14,226 INFO Node <naming_service_metadata/53e46a840d8c:7848> shutdown, currTerm=1 state=STATE_LEADER.

2022-07-06 11:13:14,239 INFO Fail to find the next candidate.

2022-07-06 11:13:14,240 INFO onLeaderStop: status=Status[ESHUTDOWN<1007>: Raft node is going to quit.].

2022-07-06 11:13:14,317 INFO Save raft meta, path=/home/nacos/data/protocol/raft/naming_service_metadata/meta-data, term=1, votedFor=53e46a840d8c:7848, cost time=27 ms

2022-07-06 11:13:14,317 INFO Shutting down FSMCaller...

2022-07-06 11:13:14,318 INFO onShutdown.

2022-07-06 11:13:14,318 INFO ThreadPool is terminated: JRaft-RPC-Processor, com.alipay.sofa.jraft.util.MetricThreadPoolExecutor@410e022b[Shutting down, pool size = 0, active threads = 0, queued tasks = 0, completed tasks = 0].

2022-07-06 11:13:14,319 INFO ThreadPool is terminated: JRaft-Node-ScheduleThreadPool, com.alipay.sofa.jraft.util.MetricScheduledThreadPoolExecutor@34bd6d1c[Shutting down, pool size = 0, active threads = 0, queued tasks = 0, completed tasks = 0].

2022-07-06 11:13:14,319 INFO Destroy timer: RepeatedTimer{timeout=null, stopped=true, running=false, destroyed=true, invoking=false, timeoutMs=5000, name='JRaft-ElectionTimer-<naming_service_metadata/53e46a840d8c:7848>'}.

2022-07-06 11:13:14,319 INFO Destroy timer: RepeatedTimer{timeout=null, stopped=true, running=false, destroyed=true, invoking=false, timeoutMs=5000, name='JRaft-VoteTimer-<naming_service_metadata/53e46a840d8c:7848>'}.

2022-07-06 11:13:14,319 INFO Destroy timer: RepeatedTimer{timeout=null, stopped=true, running=false, destroyed=true, invoking=false, timeoutMs=2500, name='JRaft-StepDownTimer-<naming_service_metadata/53e46a840d8c:7848>'}.

2022-07-06 11:13:14,319 INFO Destroy timer: RepeatedTimer{timeout=null, stopped=true, running=false, destroyed=true, invoking=false, timeoutMs=1800000, name='JRaft-SnapshotTimer-<naming_service_metadata/53e46a840d8c:7848>'}.

2022-07-06 11:13:14,323 INFO The number of active nodes decrement to 2.

2022-07-06 11:13:14,335 INFO Node <naming_service_metadata/53e46a840d8c:7848> shutdown, currTerm=1 state=STATE_SHUTTING.

2022-07-06 11:13:14,336 INFO Stop the RaftGroupService successfully.

2022-07-06 11:13:14,336 INFO Node <naming_instance_metadata/53e46a840d8c:7848> shutdown, currTerm=1 state=STATE_LEADER.

2022-07-06 11:13:14,337 INFO Fail to find the next candidate.

2022-07-06 11:13:14,337 INFO onLeaderStop: status=Status[ESHUTDOWN<1007>: Raft node is going to quit.].

2022-07-06 11:13:14,346 INFO Save raft meta, path=/home/nacos/data/protocol/raft/naming_instance_metadata/meta-data, term=1, votedFor=53e46a840d8c:7848, cost time=9 ms

2022-07-06 11:13:14,346 INFO Shutting down FSMCaller...

2022-07-06 11:13:14,346 INFO onShutdown.

2022-07-06 11:13:14,350 INFO ThreadPool is terminated: JRaft-RPC-Processor, com.alipay.sofa.jraft.util.MetricThreadPoolExecutor@5be8e990[Shutting down, pool size = 0, active threads = 0, queued tasks = 0, completed tasks = 0].

2022-07-06 11:13:14,350 INFO ThreadPool is terminated: JRaft-Node-ScheduleThreadPool, com.alipay.sofa.jraft.util.MetricScheduledThreadPoolExecutor@6a46a79c[Shutting down, pool size = 0, active threads = 0, queued tasks = 0, completed tasks = 0].

2022-07-06 11:13:14,350 INFO Destroy timer: RepeatedTimer{timeout=null, stopped=true, running=false, destroyed=true, invoking=false, timeoutMs=5000, name='JRaft-ElectionTimer-<naming_instance_metadata/53e46a840d8c:7848>'}.

2022-07-06 11:13:14,351 INFO Destroy timer: RepeatedTimer{timeout=null, stopped=true, running=false, destroyed=true, invoking=false, timeoutMs=5000, name='JRaft-VoteTimer-<naming_instance_metadata/53e46a840d8c:7848>'}.

2022-07-06 11:13:14,351 INFO Destroy timer: RepeatedTimer{timeout=null, stopped=true, running=false, destroyed=true, invoking=false, timeoutMs=2500, name='JRaft-StepDownTimer-<naming_instance_metadata/53e46a840d8c:7848>'}.

2022-07-06 11:13:14,351 INFO Destroy timer: RepeatedTimer{timeout=null, stopped=true, running=false, destroyed=true, invoking=false, timeoutMs=1800000, name='JRaft-SnapshotTimer-<naming_instance_metadata/53e46a840d8c:7848>'}.

2022-07-06 11:13:14,351 INFO The number of active nodes decrement to 1.

2022-07-06 11:13:14,351 INFO Node <naming_instance_metadata/53e46a840d8c:7848> shutdown, currTerm=1 state=STATE_SHUTTING.

2022-07-06 11:13:14,352 INFO Stop the RaftGroupService successfully.

2022-07-06 11:13:14,352 INFO Node <naming_persistent_service_v2/53e46a840d8c:7848> shutdown, currTerm=1 state=STATE_LEADER.

2022-07-06 11:13:14,352 INFO Fail to find the next candidate.

2022-07-06 11:13:14,352 INFO onLeaderStop: status=Status[ESHUTDOWN<1007>: Raft node is going to quit.].

2022-07-06 11:13:14,366 INFO Save raft meta, path=/home/nacos/data/protocol/raft/naming_persistent_service_v2/meta-data, term=1, votedFor=53e46a840d8c:7848, cost time=13 ms

2022-07-06 11:13:14,366 INFO Shutting down FSMCaller...

2022-07-06 11:13:14,366 INFO onShutdown.

2022-07-06 11:13:14,366 INFO ThreadPool is terminated: JRaft-RPC-Processor, com.alipay.sofa.jraft.util.MetricThreadPoolExecutor@306fcbb0[Shutting down, pool size = 0, active threads = 0, queued tasks = 0, completed tasks = 0].

2022-07-06 11:13:14,367 INFO ThreadPool is terminated: JRaft-Node-ScheduleThreadPool, com.alipay.sofa.jraft.util.MetricScheduledThreadPoolExecutor@6f65952c[Shutting down, pool size = 0, active threads = 0, queued tasks = 0, completed tasks = 0].

2022-07-06 11:13:14,367 INFO The number of active nodes decrement to 0.

2022-07-06 11:13:14,370 INFO ThreadPool is terminated: JRaft-Global-ElectionTimer, com.alipay.sofa.jraft.util.MetricScheduledThreadPoolExecutor@903f723[Shutting down, pool size = 0, active threads = 0, queued tasks = 0, completed tasks = 3].

2022-07-06 11:13:14,371 INFO Destroy timer: RepeatedTimer{timeout=null, stopped=true, running=false, destroyed=true, invoking=false, timeoutMs=5000, name='JRaft-ElectionTimer-<naming_persistent_service_v2/53e46a840d8c:7848>'}.

2022-07-06 11:13:14,373 INFO ThreadPool is terminated: JRaft-Global-VoteTimer, com.alipay.sofa.jraft.util.MetricScheduledThreadPoolExecutor@229c3aac[Shutting down, pool size = 0, active threads = 0, queued tasks = 0, completed tasks = 3].

2022-07-06 11:13:14,373 INFO Destroy timer: RepeatedTimer{timeout=null, stopped=true, running=false, destroyed=true, invoking=false, timeoutMs=5000, name='JRaft-VoteTimer-<naming_persistent_service_v2/53e46a840d8c:7848>'}.

2022-07-06 11:13:14,373 INFO ThreadPool is terminated: JRaft-Global-StepDownTimer, com.alipay.sofa.jraft.util.MetricScheduledThreadPoolExecutor@44669f7d[Shutting down, pool size = 0, active threads = 0, queued tasks = 0, completed tasks = 293].

2022-07-06 11:13:14,373 INFO Destroy timer: RepeatedTimer{timeout=null, stopped=true, running=false, destroyed=true, invoking=false, timeoutMs=2500, name='JRaft-StepDownTimer-<naming_persistent_service_v2/53e46a840d8c:7848>'}.

2022-07-06 11:13:14,375 INFO ThreadPool is terminated: JRaft-Global-SnapshotTimer, com.alipay.sofa.jraft.util.MetricScheduledThreadPoolExecutor@54eb301a[Shutting down, pool size = 0, active threads = 0, queued tasks = 0, completed tasks = 0].

2022-07-06 11:13:14,376 INFO Destroy timer: RepeatedTimer{timeout=null, stopped=true, running=false, destroyed=true, invoking=false, timeoutMs=1800000, name='JRaft-SnapshotTimer-<naming_persistent_service_v2/53e46a840d8c:7848>'}.

2022-07-06 11:13:14,377 INFO Node <naming_persistent_service_v2/53e46a840d8c:7848> shutdown, currTerm=1 state=STATE_SHUTTING.

2022-07-06 11:13:14,377 INFO Stop the RaftGroupService successfully.

2022-07-06 11:13:14,381 INFO Shutdown managed channel: 53e46a840d8c:7848, ManagedChannelOrphanWrapper{delegate=ManagedChannelImpl{logId=10, target=53e46a840d8c:7848}}.

2022-07-06 11:13:14,417 INFO ThreadPool is terminated: JRaft-RPC-Processor, com.alipay.sofa.jraft.util.MetricThreadPoolExecutor@64ac2d9a[Shutting down, pool size = 10, active threads = 0, queued tasks = 0, completed tasks = 216].

2022-07-06 11:13:14,436 INFO Connection disconnected: /172.31.0.2:48790

