2022-07-06 09:36:27,027 INFO notifyConnectTimeout:200

2022-07-06 09:36:27,054 INFO notifySocketTimeout:8000

2022-07-06 09:36:27,055 INFO isHealthCheck:true

2022-07-06 09:36:27,055 INFO maxHealthCheckFailCount:12

2022-07-06 09:36:27,055 INFO maxContent:10485760

2022-07-06 09:36:27,057 INFO spring.datasource.platform:""

2022-07-06 09:36:46,976 INFO use local db service for init

2022-07-06 09:36:49,344 WARN Lexical error at line 4, column 66.  Encountered: <EOF> after : "".

2022-07-06 09:36:49,360 WARN Syntax error: Encountered "*" at line 1, column 1.

2022-07-06 09:36:50,502 WARN Lexical error at line 4, column 13.  Encountered: "`" (96), after : "".

2022-07-06 09:36:50,503 WARN Lexical error at line 1, column 13.  Encountered: "`" (96), after : "".

2022-07-06 09:36:50,503 WARN Lexical error at line 1, column 13.  Encountered: "`" (96), after : "".

2022-07-06 09:36:50,503 WARN Lexical error at line 1, column 13.  Encountered: "`" (96), after : "".

2022-07-06 09:36:50,503 INFO use StandaloneDatabaseOperateImpl

2022-07-06 09:36:50,783 WARN DumpService start

2022-07-06 09:36:50,792 INFO start clear all config-info.

2022-07-06 09:36:50,793 WARN clear all config-info failed.

2022-07-06 09:36:50,793 WARN clear all config-info-tenant failed.

2022-07-06 09:36:50,908 INFO start clear all config-info-beta.

2022-07-06 09:36:50,908 WARN clear all config-info-beta failed.

2022-07-06 09:36:50,908 WARN clear all config-info-beta-tenant failed.

2022-07-06 09:36:50,942 INFO start clear all config-info-tag.

2022-07-06 09:36:50,942 WARN clear all config-info-tag failed.

2022-07-06 09:36:50,942 WARN clear all config-info-tag-tenant failed.

2022-07-06 11:08:36,068 INFO notifyConnectTimeout:200

2022-07-06 11:08:36,092 INFO notifySocketTimeout:8000

2022-07-06 11:08:36,097 INFO isHealthCheck:true

2022-07-06 11:08:36,097 INFO maxHealthCheckFailCount:12

2022-07-06 11:08:36,097 INFO maxContent:10485760

2022-07-06 11:08:36,098 INFO spring.datasource.platform:""

2022-07-06 11:09:00,881 INFO use local db service for init

2022-07-06 11:09:03,501 WARN Lexical error at line 4, column 66.  Encountered: <EOF> after : "".

2022-07-06 11:09:03,508 WARN Syntax error: Encountered "*" at line 1, column 1.

2022-07-06 11:09:04,604 WARN Lexical error at line 4, column 13.  Encountered: "`" (96), after : "".

2022-07-06 11:09:04,604 WARN Lexical error at line 1, column 13.  Encountered: "`" (96), after : "".

2022-07-06 11:09:04,605 WARN Lexical error at line 1, column 13.  Encountered: "`" (96), after : "".

2022-07-06 11:09:04,606 WARN Lexical error at line 1, column 13.  Encountered: "`" (96), after : "".

2022-07-06 11:09:04,606 INFO use StandaloneDatabaseOperateImpl

2022-07-06 11:09:04,884 WARN DumpService start

2022-07-06 11:09:04,887 INFO start clear all config-info.

2022-07-06 11:09:04,888 WARN clear all config-info failed.

2022-07-06 11:09:04,888 WARN clear all config-info-tenant failed.

2022-07-06 11:09:05,032 INFO start clear all config-info-beta.

2022-07-06 11:09:05,032 WARN clear all config-info-beta failed.

2022-07-06 11:09:05,033 WARN clear all config-info-beta-tenant failed.

2022-07-06 11:09:05,530 INFO start clear all config-info-tag.

2022-07-06 11:09:05,531 WARN clear all config-info-tag failed.

2022-07-06 11:09:05,531 WARN clear all config-info-tag-tenant failed.

