2022-07-06 00:00:01,830 INFO [capacityManagement] start correct usage

2022-07-06 00:00:01,832 INFO [capacityManagement] end correct usage, cost: 0.002s

2022-07-06 00:00:01,838 WARN clearConfigHistory start

2022-07-06 00:00:01,840 WARN clearConfigHistory, getBeforeStamp:2022-06-06 00:00:01.0, pageSize:1000

2022-07-06 00:10:01,833 INFO [capacityManagement] start correct usage

2022-07-06 00:10:01,834 INFO [capacityManagement] end correct usage, cost: 0.001s

2022-07-06 00:10:01,843 WARN clearConfigHistory start

2022-07-06 00:10:01,844 WARN clearConfigHistory, getBeforeStamp:2022-06-06 00:10:01.0, pageSize:1000

2022-07-06 00:20:01,835 INFO [capacityManagement] start correct usage

2022-07-06 00:20:01,836 INFO [capacityManagement] end correct usage, cost: 0.001s

2022-07-06 00:20:01,847 WARN clearConfigHistory start

2022-07-06 00:20:01,848 WARN clearConfigHistory, getBeforeStamp:2022-06-06 00:20:01.0, pageSize:1000

2022-07-06 00:30:01,837 INFO [capacityManagement] start correct usage

2022-07-06 00:30:01,838 INFO [capacityManagement] end correct usage, cost: 0.001s

2022-07-06 00:30:01,851 WARN clearConfigHistory start

2022-07-06 00:30:01,851 WARN clearConfigHistory, getBeforeStamp:2022-06-06 00:30:01.0, pageSize:1000

2022-07-06 00:40:01,838 INFO [capacityManagement] start correct usage

2022-07-06 00:40:01,840 INFO [capacityManagement] end correct usage, cost: 0.001s

2022-07-06 00:40:01,854 WARN clearConfigHistory start

2022-07-06 00:40:01,855 WARN clearConfigHistory, getBeforeStamp:2022-06-06 00:40:01.0, pageSize:1000

2022-07-06 00:50:01,840 INFO [capacityManagement] start correct usage

2022-07-06 00:50:01,841 INFO [capacityManagement] end correct usage, cost: 0.001s

2022-07-06 00:50:01,860 WARN clearConfigHistory start

2022-07-06 00:50:01,861 WARN clearConfigHistory, getBeforeStamp:2022-06-06 00:50:01.0, pageSize:1000

2022-07-06 01:00:01,842 INFO [capacityManagement] start correct usage

2022-07-06 01:00:01,843 INFO [capacityManagement] end correct usage, cost: 0.001s

2022-07-06 01:00:01,864 WARN clearConfigHistory start

2022-07-06 01:00:01,865 WARN clearConfigHistory, getBeforeStamp:2022-06-06 01:00:01.0, pageSize:1000

2022-07-06 01:10:01,844 INFO [capacityManagement] start correct usage

2022-07-06 01:10:01,846 INFO [capacityManagement] end correct usage, cost: 0.002s

2022-07-06 01:10:01,869 WARN clearConfigHistory start

2022-07-06 01:10:01,869 WARN clearConfigHistory, getBeforeStamp:2022-06-06 01:10:01.0, pageSize:1000

2022-07-06 01:20:01,846 INFO [capacityManagement] start correct usage

2022-07-06 01:20:01,847 INFO [capacityManagement] end correct usage, cost: 0.001s

2022-07-06 01:20:01,873 WARN clearConfigHistory start

2022-07-06 01:20:01,873 WARN clearConfigHistory, getBeforeStamp:2022-06-06 01:20:01.0, pageSize:1000

2022-07-06 01:30:01,848 INFO [capacityManagement] start correct usage

2022-07-06 01:30:01,850 INFO [capacityManagement] end correct usage, cost: 0.002s

2022-07-06 01:30:01,877 WARN clearConfigHistory start

2022-07-06 01:30:01,877 WARN clearConfigHistory, getBeforeStamp:2022-06-06 01:30:01.0, pageSize:1000

2022-07-06 01:40:01,851 INFO [capacityManagement] start correct usage

2022-07-06 01:40:01,855 INFO [capacityManagement] end correct usage, cost: 0.004s

2022-07-06 01:40:01,881 WARN clearConfigHistory start

2022-07-06 01:40:01,882 WARN clearConfigHistory, getBeforeStamp:2022-06-06 01:40:01.0, pageSize:1000

2022-07-06 01:50:01,855 INFO [capacityManagement] start correct usage

2022-07-06 01:50:01,857 INFO [capacityManagement] end correct usage, cost: 0.002s

2022-07-06 01:50:01,886 WARN clearConfigHistory start

2022-07-06 01:50:01,887 WARN clearConfigHistory, getBeforeStamp:2022-06-06 01:50:01.0, pageSize:1000

2022-07-06 02:00:01,857 INFO [capacityManagement] start correct usage

2022-07-06 02:00:01,859 INFO [capacityManagement] end correct usage, cost: 0.002s

2022-07-06 02:00:01,891 WARN clearConfigHistory start

2022-07-06 02:00:01,892 WARN clearConfigHistory, getBeforeStamp:2022-06-06 02:00:01.0, pageSize:1000

2022-07-06 02:10:01,859 INFO [capacityManagement] start correct usage

2022-07-06 02:10:01,860 INFO [capacityManagement] end correct usage, cost: 0.001s

2022-07-06 02:10:01,895 WARN clearConfigHistory start

2022-07-06 02:10:01,896 WARN clearConfigHistory, getBeforeStamp:2022-06-06 02:10:01.0, pageSize:1000

2022-07-06 02:20:01,861 INFO [capacityManagement] start correct usage

2022-07-06 02:20:01,863 INFO [capacityManagement] end correct usage, cost: 0.001s

2022-07-06 02:20:01,900 WARN clearConfigHistory start

2022-07-06 02:20:01,901 WARN clearConfigHistory, getBeforeStamp:2022-06-06 02:20:01.0, pageSize:1000

2022-07-06 02:30:01,863 INFO [capacityManagement] start correct usage

2022-07-06 02:30:01,864 INFO [capacityManagement] end correct usage, cost: 0.001s

2022-07-06 02:30:01,911 WARN clearConfigHistory start

2022-07-06 02:30:01,912 WARN clearConfigHistory, getBeforeStamp:2022-06-06 02:30:01.0, pageSize:1000

2022-07-06 02:40:01,865 INFO [capacityManagement] start correct usage

2022-07-06 02:40:01,866 INFO [capacityManagement] end correct usage, cost: 0.001s

2022-07-06 02:40:01,916 WARN clearConfigHistory start

2022-07-06 02:40:01,917 WARN clearConfigHistory, getBeforeStamp:2022-06-06 02:40:01.0, pageSize:1000

2022-07-06 02:50:01,867 INFO [capacityManagement] start correct usage

2022-07-06 02:50:01,868 INFO [capacityManagement] end correct usage, cost: 0.001s

2022-07-06 02:50:01,921 WARN clearConfigHistory start

2022-07-06 02:50:01,922 WARN clearConfigHistory, getBeforeStamp:2022-06-06 02:50:01.0, pageSize:1000

2022-07-06 03:00:01,869 INFO [capacityManagement] start correct usage

2022-07-06 03:00:01,870 INFO [capacityManagement] end correct usage, cost: 0.001s

2022-07-06 03:00:01,929 WARN clearConfigHistory start

2022-07-06 03:00:01,930 WARN clearConfigHistory, getBeforeStamp:2022-06-06 03:00:01.0, pageSize:1000

2022-07-06 03:10:01,871 INFO [capacityManagement] start correct usage

2022-07-06 03:10:01,872 INFO [capacityManagement] end correct usage, cost: 0.001s

2022-07-06 03:10:01,936 WARN clearConfigHistory start

2022-07-06 03:10:01,937 WARN clearConfigHistory, getBeforeStamp:2022-06-06 03:10:01.0, pageSize:1000

2022-07-06 03:20:01,873 INFO [capacityManagement] start correct usage

2022-07-06 03:20:01,874 INFO [capacityManagement] end correct usage, cost: 0.001s

2022-07-06 03:20:01,941 WARN clearConfigHistory start

2022-07-06 03:20:01,942 WARN clearConfigHistory, getBeforeStamp:2022-06-06 03:20:01.0, pageSize:1000

2022-07-06 03:30:01,875 INFO [capacityManagement] start correct usage

2022-07-06 03:30:01,876 INFO [capacityManagement] end correct usage, cost: 0.001s

2022-07-06 03:30:01,946 WARN clearConfigHistory start

2022-07-06 03:30:01,947 WARN clearConfigHistory, getBeforeStamp:2022-06-06 03:30:01.0, pageSize:1000

2022-07-06 03:40:01,877 INFO [capacityManagement] start correct usage

2022-07-06 03:40:01,879 INFO [capacityManagement] end correct usage, cost: 0.002s

2022-07-06 03:40:01,951 WARN clearConfigHistory start

2022-07-06 03:40:01,951 WARN clearConfigHistory, getBeforeStamp:2022-06-06 03:40:01.0, pageSize:1000

2022-07-06 03:50:01,879 INFO [capacityManagement] start correct usage

2022-07-06 03:50:01,881 INFO [capacityManagement] end correct usage, cost: 0.001s

2022-07-06 03:50:01,957 WARN clearConfigHistory start

2022-07-06 03:50:01,957 WARN clearConfigHistory, getBeforeStamp:2022-06-06 03:50:01.0, pageSize:1000

2022-07-06 04:00:01,882 INFO [capacityManagement] start correct usage

2022-07-06 04:00:01,885 INFO [capacityManagement] end correct usage, cost: 0.003s

2022-07-06 04:00:01,962 WARN clearConfigHistory start

2022-07-06 04:00:01,963 WARN clearConfigHistory, getBeforeStamp:2022-06-06 04:00:01.0, pageSize:1000

2022-07-06 04:10:01,885 INFO [capacityManagement] start correct usage

2022-07-06 04:10:01,887 INFO [capacityManagement] end correct usage, cost: 0.001s

2022-07-06 04:10:01,971 WARN clearConfigHistory start

2022-07-06 04:10:01,972 WARN clearConfigHistory, getBeforeStamp:2022-06-06 04:10:01.0, pageSize:1000

2022-07-06 04:20:01,887 INFO [capacityManagement] start correct usage

2022-07-06 04:20:01,888 INFO [capacityManagement] end correct usage, cost: 0.001s

2022-07-06 04:20:01,976 WARN clearConfigHistory start

2022-07-06 04:20:01,977 WARN clearConfigHistory, getBeforeStamp:2022-06-06 04:20:01.0, pageSize:1000

2022-07-06 04:30:01,889 INFO [capacityManagement] start correct usage

2022-07-06 04:30:01,890 INFO [capacityManagement] end correct usage, cost: 0.001s

2022-07-06 04:30:01,981 WARN clearConfigHistory start

2022-07-06 04:30:01,982 WARN clearConfigHistory, getBeforeStamp:2022-06-06 04:30:01.0, pageSize:1000

2022-07-06 04:40:01,891 INFO [capacityManagement] start correct usage

2022-07-06 04:40:01,892 INFO [capacityManagement] end correct usage, cost: 0.001s

2022-07-06 04:40:01,988 WARN clearConfigHistory start

2022-07-06 04:40:01,989 WARN clearConfigHistory, getBeforeStamp:2022-06-06 04:40:01.0, pageSize:1000

2022-07-06 04:50:01,893 INFO [capacityManagement] start correct usage

2022-07-06 04:50:01,898 INFO [capacityManagement] end correct usage, cost: 0.005s

2022-07-06 04:50:01,995 WARN clearConfigHistory start

2022-07-06 04:50:01,995 WARN clearConfigHistory, getBeforeStamp:2022-06-06 04:50:01.0, pageSize:1000

2022-07-06 05:00:01,898 INFO [capacityManagement] start correct usage

2022-07-06 05:00:01,902 INFO [capacityManagement] end correct usage, cost: 0.003s

2022-07-06 05:00:02,001 WARN clearConfigHistory start

2022-07-06 05:00:02,002 WARN clearConfigHistory, getBeforeStamp:2022-06-06 05:00:02.0, pageSize:1000

2022-07-06 05:10:01,903 INFO [capacityManagement] start correct usage

2022-07-06 05:10:01,904 INFO [capacityManagement] end correct usage, cost: 0.001s

2022-07-06 05:10:02,007 WARN clearConfigHistory start

2022-07-06 05:10:02,008 WARN clearConfigHistory, getBeforeStamp:2022-06-06 05:10:02.0, pageSize:1000

2022-07-06 05:20:01,905 INFO [capacityManagement] start correct usage

2022-07-06 05:20:01,906 INFO [capacityManagement] end correct usage, cost: 0.001s

2022-07-06 05:20:02,013 WARN clearConfigHistory start

2022-07-06 05:20:02,014 WARN clearConfigHistory, getBeforeStamp:2022-06-06 05:20:02.0, pageSize:1000

2022-07-06 05:30:01,907 INFO [capacityManagement] start correct usage

2022-07-06 05:30:01,908 INFO [capacityManagement] end correct usage, cost: 0.001s

2022-07-06 05:30:02,019 WARN clearConfigHistory start

2022-07-06 05:30:02,020 WARN clearConfigHistory, getBeforeStamp:2022-06-06 05:30:02.0, pageSize:1000

2022-07-06 05:40:01,908 INFO [capacityManagement] start correct usage

2022-07-06 05:40:01,909 INFO [capacityManagement] end correct usage, cost: 0.001s

2022-07-06 05:40:02,027 WARN clearConfigHistory start

2022-07-06 05:40:02,028 WARN clearConfigHistory, getBeforeStamp:2022-06-06 05:40:02.0, pageSize:1000

2022-07-06 05:50:01,910 INFO [capacityManagement] start correct usage

2022-07-06 05:50:01,911 INFO [capacityManagement] end correct usage, cost: 0.001s

2022-07-06 05:50:02,040 WARN clearConfigHistory start

2022-07-06 05:50:02,041 WARN clearConfigHistory, getBeforeStamp:2022-06-06 05:50:02.0, pageSize:1000

2022-07-06 06:00:01,912 INFO [capacityManagement] start correct usage

2022-07-06 06:00:01,915 INFO [capacityManagement] end correct usage, cost: 0.003s

2022-07-06 06:00:02,048 WARN clearConfigHistory start

2022-07-06 06:00:02,049 WARN clearConfigHistory, getBeforeStamp:2022-06-06 06:00:02.0, pageSize:1000

2022-07-06 06:10:01,916 INFO [capacityManagement] start correct usage

2022-07-06 06:10:01,920 INFO [capacityManagement] end correct usage, cost: 0.004s

2022-07-06 06:10:02,054 WARN clearConfigHistory start

2022-07-06 06:10:02,055 WARN clearConfigHistory, getBeforeStamp:2022-06-06 06:10:02.0, pageSize:1000

2022-07-06 06:20:01,921 INFO [capacityManagement] start correct usage

2022-07-06 06:20:01,922 INFO [capacityManagement] end correct usage, cost: 0.001s

2022-07-06 06:20:02,061 WARN clearConfigHistory start

2022-07-06 06:20:02,062 WARN clearConfigHistory, getBeforeStamp:2022-06-06 06:20:02.0, pageSize:1000

2022-07-06 06:30:01,923 INFO [capacityManagement] start correct usage

2022-07-06 06:30:01,924 INFO [capacityManagement] end correct usage, cost: 0.001s

2022-07-06 06:30:02,067 WARN clearConfigHistory start

2022-07-06 06:30:02,068 WARN clearConfigHistory, getBeforeStamp:2022-06-06 06:30:02.0, pageSize:1000

2022-07-06 06:40:01,925 INFO [capacityManagement] start correct usage

2022-07-06 06:40:01,926 INFO [capacityManagement] end correct usage, cost: 0.001s

2022-07-06 06:40:02,072 WARN clearConfigHistory start

2022-07-06 06:40:02,073 WARN clearConfigHistory, getBeforeStamp:2022-06-06 06:40:02.0, pageSize:1000

2022-07-06 06:50:01,926 INFO [capacityManagement] start correct usage

2022-07-06 06:50:01,928 INFO [capacityManagement] end correct usage, cost: 0.001s

2022-07-06 06:50:02,078 WARN clearConfigHistory start

2022-07-06 06:50:02,079 WARN clearConfigHistory, getBeforeStamp:2022-06-06 06:50:02.0, pageSize:1000

2022-07-06 07:00:01,929 INFO [capacityManagement] start correct usage

2022-07-06 07:00:01,930 INFO [capacityManagement] end correct usage, cost: 0.001s

2022-07-06 07:00:02,084 WARN clearConfigHistory start

2022-07-06 07:00:02,085 WARN clearConfigHistory, getBeforeStamp:2022-06-06 07:00:02.0, pageSize:1000

2022-07-06 07:10:01,931 INFO [capacityManagement] start correct usage

2022-07-06 07:10:01,932 INFO [capacityManagement] end correct usage, cost: 0.001s

2022-07-06 07:10:02,091 WARN clearConfigHistory start

2022-07-06 07:10:02,091 WARN clearConfigHistory, getBeforeStamp:2022-06-06 07:10:02.0, pageSize:1000

2022-07-06 07:20:01,932 INFO [capacityManagement] start correct usage

2022-07-06 07:20:01,934 INFO [capacityManagement] end correct usage, cost: 0.001s

2022-07-06 07:20:02,096 WARN clearConfigHistory start

2022-07-06 07:20:02,096 WARN clearConfigHistory, getBeforeStamp:2022-06-06 07:20:02.0, pageSize:1000

2022-07-06 07:30:01,934 INFO [capacityManagement] start correct usage

2022-07-06 07:30:01,936 INFO [capacityManagement] end correct usage, cost: 0.001s

2022-07-06 07:30:02,111 WARN clearConfigHistory start

2022-07-06 07:30:02,112 WARN clearConfigHistory, getBeforeStamp:2022-06-06 07:30:02.0, pageSize:1000

2022-07-06 07:40:01,936 INFO [capacityManagement] start correct usage

2022-07-06 07:40:01,941 INFO [capacityManagement] end correct usage, cost: 0.004s

2022-07-06 07:40:02,123 WARN clearConfigHistory start

2022-07-06 07:40:02,124 WARN clearConfigHistory, getBeforeStamp:2022-06-06 07:40:02.0, pageSize:1000

2022-07-06 07:50:01,942 INFO [capacityManagement] start correct usage

2022-07-06 07:50:01,944 INFO [capacityManagement] end correct usage, cost: 0.002s

2022-07-06 07:50:02,128 WARN clearConfigHistory start

2022-07-06 07:50:02,129 WARN clearConfigHistory, getBeforeStamp:2022-06-06 07:50:02.0, pageSize:1000

2022-07-06 08:00:01,944 INFO [capacityManagement] start correct usage

2022-07-06 08:00:01,946 INFO [capacityManagement] end correct usage, cost: 0.002s

2022-07-06 08:00:02,135 WARN clearConfigHistory start

2022-07-06 08:00:02,136 WARN clearConfigHistory, getBeforeStamp:2022-06-06 08:00:02.0, pageSize:1000

2022-07-06 08:10:01,947 INFO [capacityManagement] start correct usage

2022-07-06 08:10:01,948 INFO [capacityManagement] end correct usage, cost: 0.001s

2022-07-06 08:10:02,141 WARN clearConfigHistory start

2022-07-06 08:10:02,142 WARN clearConfigHistory, getBeforeStamp:2022-06-06 08:10:02.0, pageSize:1000

2022-07-06 08:20:01,949 INFO [capacityManagement] start correct usage

2022-07-06 08:20:01,950 INFO [capacityManagement] end correct usage, cost: 0.001s

2022-07-06 08:20:02,147 WARN clearConfigHistory start

2022-07-06 08:20:02,147 WARN clearConfigHistory, getBeforeStamp:2022-06-06 08:20:02.0, pageSize:1000

2022-07-06 08:30:01,951 INFO [capacityManagement] start correct usage

2022-07-06 08:30:01,955 INFO [capacityManagement] end correct usage, cost: 0.004s

2022-07-06 08:30:02,159 WARN clearConfigHistory start

2022-07-06 08:30:02,160 WARN clearConfigHistory, getBeforeStamp:2022-06-06 08:30:02.0, pageSize:1000

2022-07-06 08:40:01,955 INFO [capacityManagement] start correct usage

2022-07-06 08:40:01,958 INFO [capacityManagement] end correct usage, cost: 0.002s

2022-07-06 08:40:02,165 WARN clearConfigHistory start

2022-07-06 08:40:02,165 WARN clearConfigHistory, getBeforeStamp:2022-06-06 08:40:02.0, pageSize:1000

2022-07-06 08:50:01,958 INFO [capacityManagement] start correct usage

2022-07-06 08:50:01,960 INFO [capacityManagement] end correct usage, cost: 0.001s

2022-07-06 08:50:02,171 WARN clearConfigHistory start

2022-07-06 08:50:02,172 WARN clearConfigHistory, getBeforeStamp:2022-06-06 08:50:02.0, pageSize:1000

2022-07-06 09:00:01,960 INFO [capacityManagement] start correct usage

2022-07-06 09:00:01,962 INFO [capacityManagement] end correct usage, cost: 0.001s

2022-07-06 09:00:02,177 WARN clearConfigHistory start

2022-07-06 09:00:02,177 WARN clearConfigHistory, getBeforeStamp:2022-06-06 09:00:02.0, pageSize:1000

2022-07-06 09:10:01,963 INFO [capacityManagement] start correct usage

2022-07-06 09:10:01,964 INFO [capacityManagement] end correct usage, cost: 0.001s

2022-07-06 09:10:02,187 WARN clearConfigHistory start

2022-07-06 09:10:02,188 WARN clearConfigHistory, getBeforeStamp:2022-06-06 09:10:02.0, pageSize:1000

2022-07-06 09:15:26,393 WARN [ConfigServer-HttpClientManager] Start destroying NacosRestTemplate

2022-07-06 09:15:26,393 WARN [WatchFileCenter] start close

2022-07-06 09:15:26,398 WARN [WatchFileCenter] start to shutdown this watcher which is watch : /home/nacos/data/tps

2022-07-06 09:15:26,401 WARN [ConfigServer-HttpClientManager] Destruction of the end

2022-07-06 09:15:26,438 WARN [NotifyCenter] Start destroying Publisher

2022-07-06 09:15:26,441 WARN [NotifyCenter] Destruction of the end

2022-07-06 09:15:26,442 WARN [ThreadPoolManager] Start destroying ThreadPool

2022-07-06 09:15:26,459 WARN [HttpClientBeanHolder] Start destroying common HttpClient

2022-07-06 09:15:26,467 WARN [WatchFileCenter] start to shutdown this watcher which is watch : /home/nacos/conf

2022-07-06 09:15:26,467 WARN [WatchFileCenter] start to shutdown this watcher which is watch : /home/nacos/data/loader

2022-07-06 09:15:26,467 WARN [WatchFileCenter] already closed

2022-07-06 09:15:26,473 WARN [HttpClientBeanHolder] Destruction of the end

2022-07-06 09:15:26,583 INFO Shutting down ExecutorService 'taskScheduler'

2022-07-06 09:15:26,587 INFO Shutting down ExecutorService 'applicationTaskExecutor'

2022-07-06 09:15:28,590 WARN [ThreadPoolManager] Destruction of the end

2022-07-06 09:36:27,086 INFO Starting Nacos v2.1.0 on 368ed9bb5158 with PID 1 (/home/nacos/target/nacos-server.jar started by root in /home/nacos)

2022-07-06 09:36:27,087 INFO The following profiles are active: standalone

2022-07-06 09:36:42,041 INFO Bean 'org.springframework.security.access.expression.method.DefaultMethodSecurityExpressionHandler@24be2d9c' of type [org.springframework.security.access.expression.method.DefaultMethodSecurityExpressionHandler] is not eligible for getting processed by all BeanPostProcessors (for example: not eligible for auto-proxying)

2022-07-06 09:36:42,057 INFO Bean 'methodSecurityMetadataSource' of type [org.springframework.security.access.method.DelegatingMethodSecurityMetadataSource] is not eligible for getting processed by all BeanPostProcessors (for example: not eligible for auto-proxying)

2022-07-06 09:36:42,954 INFO Tomcat initialized with port(s): 8848 (http)

2022-07-06 09:36:43,101 INFO Starting service [Tomcat]

2022-07-06 09:36:43,102 INFO Starting Servlet engine: [Apache Tomcat/9.0.38]

2022-07-06 09:36:44,016 INFO At least one JAR was scanned for TLDs yet contained no TLDs. Enable debug logging for this logger for a complete list of JARs that were scanned but no TLDs were found in them. Skipping unneeded JARs during scanning can improve startup time and JSP compilation time.

2022-07-06 09:36:44,109 INFO Initializing Spring embedded WebApplicationContext

2022-07-06 09:36:44,109 INFO Root WebApplicationContext: initialization completed in 16805 ms

2022-07-06 09:36:44,896 INFO Nacos-related cluster resource initialization

2022-07-06 09:36:44,916 INFO Load com.alibaba.nacos.core.ability.RemoteAbilityInitializer for ServerAbilityInitializer

2022-07-06 09:36:44,917 INFO Load com.alibaba.nacos.naming.ability.NamingAbilityInitializer for ServerAbilityInitializer

2022-07-06 09:36:44,922 INFO The cluster resource is initialized

2022-07-06 09:36:45,072 INFO Get Distro config from env, DistroConfig{syncDelayMillis=1000, syncTimeoutMillis=3000, syncRetryDelayMillis=3000, verifyIntervalMillis=5000, verifyTimeoutMillis=3000, loadDataRetryDelayMillis=30000}

2022-07-06 09:36:47,386 INFO HikariPool-1 - Starting...

2022-07-06 09:36:47,404 WARN Registered driver with driverClassName=org.apache.derby.jdbc.EmbeddedDriver was not found, trying direct instantiation.

2022-07-06 09:36:49,066 INFO HikariPool-1 - Driver does not support get/set network timeout for connections. (Feature not implemented: No details.)

2022-07-06 09:36:49,073 INFO HikariPool-1 - Start completed.

2022-07-06 09:36:58,686 INFO Initializing ExecutorService 'applicationTaskExecutor'

2022-07-06 09:36:59,421 INFO Adding welcome page: class path resource [static/index.html]

2022-07-06 09:37:01,436 INFO Creating filter chain: Ant [pattern='/**'], []

2022-07-06 09:37:01,766 INFO Creating filter chain: any request, [org.springframework.security.web.context.request.async.WebAsyncManagerIntegrationFilter@2ff15f8c, org.springframework.security.web.context.SecurityContextPersistenceFilter@31edeac, org.springframework.security.web.header.HeaderWriterFilter@7bebcd65, org.springframework.security.web.csrf.CsrfFilter@4a23350, org.springframework.security.web.authentication.logout.LogoutFilter@6d469831, org.springframework.security.web.savedrequest.RequestCacheAwareFilter@45bb2aa1, org.springframework.security.web.servletapi.SecurityContextHolderAwareRequestFilter@6fa69af7, org.springframework.security.web.authentication.AnonymousAuthenticationFilter@7ea899a9, org.springframework.security.web.session.SessionManagementFilter@7afb1741, org.springframework.security.web.access.ExceptionTranslationFilter@6fca5907]

2022-07-06 09:37:02,168 INFO Initializing ExecutorService 'taskScheduler'

2022-07-06 09:37:02,239 INFO Exposing 2 endpoint(s) beneath base path '/actuator'

2022-07-06 09:37:02,659 INFO Tomcat started on port(s): 8848 (http) with context path '/nacos'

2022-07-06 09:37:02,668 INFO Started Nacos in 42.555 seconds (JVM running for 45.228)

2022-07-06 09:37:02,683 INFO Nacos started successfully in stand alone mode. use embedded storage

2022-07-06 09:41:04,066 WARN [ConfigServer-HttpClientManager] Start destroying NacosRestTemplate

2022-07-06 09:41:04,058 WARN [WatchFileCenter] start close

2022-07-06 09:41:04,031 WARN [HttpClientBeanHolder] Start destroying common HttpClient

2022-07-06 09:41:04,088 WARN [HttpClientBeanHolder] Destruction of the end

2022-07-06 09:41:04,085 WARN [WatchFileCenter] start to shutdown this watcher which is watch : /home/nacos/data/tps

2022-07-06 09:41:04,067 WARN [ThreadPoolManager] Start destroying ThreadPool

2022-07-06 09:41:04,057 WARN [NotifyCenter] Start destroying Publisher

2022-07-06 09:41:04,095 WARN [NotifyCenter] Destruction of the end

2022-07-06 09:41:04,096 WARN [WatchFileCenter] start to shutdown this watcher which is watch : /home/nacos/conf

2022-07-06 09:41:04,096 WARN [WatchFileCenter] start to shutdown this watcher which is watch : /home/nacos/data/loader

2022-07-06 09:41:04,096 WARN [WatchFileCenter] already closed

2022-07-06 09:41:04,097 WARN [ConfigServer-HttpClientManager] Destruction of the end

2022-07-06 09:41:04,112 INFO Shutting down ExecutorService 'taskScheduler'

2022-07-06 09:41:04,128 INFO Shutting down ExecutorService 'applicationTaskExecutor'

2022-07-06 09:41:06,217 WARN [ThreadPoolManager] Destruction of the end

2022-07-06 11:08:36,125 INFO Starting Nacos v2.1.0 on 53e46a840d8c with PID 1 (/home/nacos/target/nacos-server.jar started by root in /home/nacos)

2022-07-06 11:08:36,132 INFO The following profiles are active: standalone

2022-07-06 11:08:53,273 INFO Bean 'org.springframework.security.access.expression.method.DefaultMethodSecurityExpressionHandler@24be2d9c' of type [org.springframework.security.access.expression.method.DefaultMethodSecurityExpressionHandler] is not eligible for getting processed by all BeanPostProcessors (for example: not eligible for auto-proxying)

2022-07-06 11:08:53,313 INFO Bean 'methodSecurityMetadataSource' of type [org.springframework.security.access.method.DelegatingMethodSecurityMetadataSource] is not eligible for getting processed by all BeanPostProcessors (for example: not eligible for auto-proxying)

2022-07-06 11:08:54,809 INFO Tomcat initialized with port(s): 8848 (http)

2022-07-06 11:08:55,009 INFO Starting service [Tomcat]

2022-07-06 11:08:55,010 INFO Starting Servlet engine: [Apache Tomcat/9.0.38]

2022-07-06 11:08:56,363 INFO At least one JAR was scanned for TLDs yet contained no TLDs. Enable debug logging for this logger for a complete list of JARs that were scanned but no TLDs were found in them. Skipping unneeded JARs during scanning can improve startup time and JSP compilation time.

2022-07-06 11:08:56,486 INFO Initializing Spring embedded WebApplicationContext

2022-07-06 11:08:56,487 INFO Root WebApplicationContext: initialization completed in 19852 ms

2022-07-06 11:08:57,662 INFO Nacos-related cluster resource initialization

2022-07-06 11:08:57,688 INFO Load com.alibaba.nacos.core.ability.RemoteAbilityInitializer for ServerAbilityInitializer

2022-07-06 11:08:57,688 INFO Load com.alibaba.nacos.naming.ability.NamingAbilityInitializer for ServerAbilityInitializer

2022-07-06 11:08:57,711 INFO The cluster resource is initialized

2022-07-06 11:08:57,837 INFO Get Distro config from env, DistroConfig{syncDelayMillis=1000, syncTimeoutMillis=3000, syncRetryDelayMillis=3000, verifyIntervalMillis=5000, verifyTimeoutMillis=3000, loadDataRetryDelayMillis=30000}

2022-07-06 11:09:01,416 INFO HikariPool-1 - Starting...

2022-07-06 11:09:01,440 WARN Registered driver with driverClassName=org.apache.derby.jdbc.EmbeddedDriver was not found, trying direct instantiation.

2022-07-06 11:09:03,266 INFO HikariPool-1 - Driver does not support get/set network timeout for connections. (Feature not implemented: No details.)

2022-07-06 11:09:03,275 INFO HikariPool-1 - Start completed.

2022-07-06 11:09:11,196 INFO Initializing ExecutorService 'applicationTaskExecutor'

2022-07-06 11:09:11,599 INFO Adding welcome page: class path resource [static/index.html]

2022-07-06 11:09:12,449 INFO Creating filter chain: Ant [pattern='/**'], []

2022-07-06 11:09:12,541 INFO Creating filter chain: any request, [org.springframework.security.web.context.request.async.WebAsyncManagerIntegrationFilter@3b2f4a93, org.springframework.security.web.context.SecurityContextPersistenceFilter@21d1b321, org.springframework.security.web.header.HeaderWriterFilter@117bcfdc, org.springframework.security.web.csrf.CsrfFilter@2015b2cd, org.springframework.security.web.authentication.logout.LogoutFilter@3ffb3598, org.springframework.security.web.savedrequest.RequestCacheAwareFilter@2324bfe7, org.springframework.security.web.servletapi.SecurityContextHolderAwareRequestFilter@4016ccc1, org.springframework.security.web.authentication.AnonymousAuthenticationFilter@213bd3d5, org.springframework.security.web.session.SessionManagementFilter@5e746d37, org.springframework.security.web.access.ExceptionTranslationFilter@64693226]

2022-07-06 11:09:12,932 INFO Initializing ExecutorService 'taskScheduler'

2022-07-06 11:09:12,992 INFO Exposing 2 endpoint(s) beneath base path '/actuator'

2022-07-06 11:09:13,306 INFO Tomcat started on port(s): 8848 (http) with context path '/nacos'

2022-07-06 11:09:13,333 INFO Started Nacos in 40.093 seconds (JVM running for 41.139)

2022-07-06 11:09:13,334 INFO Nacos started successfully in stand alone mode. use embedded storage

2022-07-06 11:09:20,563 INFO Initializing Spring DispatcherServlet 'dispatcherServlet'

2022-07-06 11:09:20,564 INFO Initializing Servlet 'dispatcherServlet'

2022-07-06 11:09:20,609 INFO Completed initialization in 45 ms

2022-07-06 11:13:14,171 WARN [WatchFileCenter] start close

2022-07-06 11:13:14,171 WARN [WatchFileCenter] start to shutdown this watcher which is watch : /home/nacos/data/tps

2022-07-06 11:13:14,181 WARN [ThreadPoolManager] Start destroying ThreadPool

2022-07-06 11:13:14,187 WARN [NotifyCenter] Start destroying Publisher

2022-07-06 11:13:14,188 WARN [NotifyCenter] Destruction of the end

2022-07-06 11:13:14,189 WARN [HttpClientBeanHolder] Start destroying common HttpClient

2022-07-06 11:13:14,190 WARN [ConfigServer-HttpClientManager] Start destroying NacosRestTemplate

2022-07-06 11:13:14,203 INFO Shutting down ExecutorService 'taskScheduler'

2022-07-06 11:13:14,205 WARN [HttpClientBeanHolder] Destruction of the end

2022-07-06 11:13:14,208 INFO Shutting down ExecutorService 'applicationTaskExecutor'

2022-07-06 11:13:14,209 WARN [ConfigServer-HttpClientManager] Destruction of the end

2022-07-06 11:13:14,223 WARN [WatchFileCenter] start to shutdown this watcher which is watch : /home/nacos/conf

2022-07-06 11:13:14,224 WARN [WatchFileCenter] start to shutdown this watcher which is watch : /home/nacos/data/loader

2022-07-06 11:13:14,225 WARN [WatchFileCenter] already closed

2022-07-06 11:13:16,347 WARN [ThreadPoolManager] Destruction of the end

