2022-07-06 09:15:26,589 INFO shutdown jraft server

2022-07-06 09:15:26,629 INFO ========= The raft protocol is starting to close =========

2022-07-06 09:15:26,770 INFO ========= The raft protocol has been closed =========

2022-07-06 09:36:53,515 INFO Initializes the Raft protocol, raft-config info : {}

2022-07-06 09:36:53,959 INFO ========= The raft protocol is starting... =========

2022-07-06 09:36:54,027 INFO ========= The raft protocol start finished... =========

2022-07-06 09:36:54,131 INFO create raft group : naming_persistent_service_v2

2022-07-06 09:36:54,913 INFO This Raft event changes : RaftEvent{groupId='naming_persistent_service_v2', leader='368ed9bb5158:7848', term=1, raftClusterInfo=[368ed9bb5158:7848]}

2022-07-06 09:36:54,947 INFO create raft group : naming_instance_metadata

2022-07-06 09:36:55,459 INFO This Raft event changes : RaftEvent{groupId='naming_instance_metadata', leader='368ed9bb5158:7848', term=1, raftClusterInfo=[368ed9bb5158:7848]}

2022-07-06 09:36:55,470 INFO create raft group : naming_service_metadata

2022-07-06 09:36:55,891 INFO This Raft event changes : RaftEvent{groupId='naming_service_metadata', leader='368ed9bb5158:7848', term=1, raftClusterInfo=[368ed9bb5158:7848]}

2022-07-06 09:36:56,233 ERROR Failed to join the cluster, retry...

java.lang.IllegalStateException: Fail to get leader of group naming_persistent_service_v2
	at com.alipay.sofa.jraft.core.CliServiceImpl.getPeers(CliServiceImpl.java:631)
	at com.alipay.sofa.jraft.core.CliServiceImpl.getPeers(CliServiceImpl.java:524)
	at com.alibaba.nacos.core.distributed.raft.JRaftServer.registerSelfToCluster(JRaftServer.java:362)
	at com.alibaba.nacos.core.distributed.raft.JRaftServer.lambda$createMultiRaftGroup$0(JRaftServer.java:273)
	at java.util.concurrent.Executors$RunnableAdapter.call(Executors.java:511)
	at java.util.concurrent.FutureTask.run(FutureTask.java:266)
	at java.util.concurrent.ScheduledThreadPoolExecutor$ScheduledFutureTask.access$201(ScheduledThreadPoolExecutor.java:180)
	at java.util.concurrent.ScheduledThreadPoolExecutor$ScheduledFutureTask.run(ScheduledThreadPoolExecutor.java:293)
	at java.util.concurrent.ThreadPoolExecutor.runWorker(ThreadPoolExecutor.java:1149)
	at java.util.concurrent.ThreadPoolExecutor$Worker.run(ThreadPoolExecutor.java:624)
	at java.lang.Thread.run(Thread.java:750)
2022-07-06 09:41:04,137 INFO shutdown jraft server

2022-07-06 09:41:04,141 INFO ========= The raft protocol is starting to close =========

2022-07-06 09:41:04,300 INFO ========= The raft protocol has been closed =========

2022-07-06 11:09:07,548 INFO Initializes the Raft protocol, raft-config info : {}

2022-07-06 11:09:07,971 INFO ========= The raft protocol is starting... =========

2022-07-06 11:09:08,006 INFO ========= The raft protocol start finished... =========

2022-07-06 11:09:08,083 INFO create raft group : naming_persistent_service_v2

2022-07-06 11:09:08,857 INFO This Raft event changes : RaftEvent{groupId='naming_persistent_service_v2', leader='53e46a840d8c:7848', term=1, raftClusterInfo=[53e46a840d8c:7848]}

2022-07-06 11:09:08,903 INFO create raft group : naming_instance_metadata

2022-07-06 11:09:09,210 INFO create raft group : naming_service_metadata

2022-07-06 11:09:09,214 INFO This Raft event changes : RaftEvent{groupId='naming_instance_metadata', leader='53e46a840d8c:7848', term=1, raftClusterInfo=[53e46a840d8c:7848]}

2022-07-06 11:09:09,578 INFO This Raft event changes : RaftEvent{groupId='naming_service_metadata', leader='53e46a840d8c:7848', term=1, raftClusterInfo=[53e46a840d8c:7848]}

2022-07-06 11:09:10,082 ERROR Failed to join the cluster, retry...

java.lang.IllegalStateException: Fail to get leader of group naming_persistent_service_v2
	at com.alipay.sofa.jraft.core.CliServiceImpl.getPeers(CliServiceImpl.java:631)
	at com.alipay.sofa.jraft.core.CliServiceImpl.getPeers(CliServiceImpl.java:524)
	at com.alibaba.nacos.core.distributed.raft.JRaftServer.registerSelfToCluster(JRaftServer.java:362)
	at com.alibaba.nacos.core.distributed.raft.JRaftServer.lambda$createMultiRaftGroup$0(JRaftServer.java:273)
	at java.util.concurrent.Executors$RunnableAdapter.call(Executors.java:511)
	at java.util.concurrent.FutureTask.run(FutureTask.java:266)
	at java.util.concurrent.ScheduledThreadPoolExecutor$ScheduledFutureTask.access$201(ScheduledThreadPoolExecutor.java:180)
	at java.util.concurrent.ScheduledThreadPoolExecutor$ScheduledFutureTask.run(ScheduledThreadPoolExecutor.java:293)
	at java.util.concurrent.ThreadPoolExecutor.runWorker(ThreadPoolExecutor.java:1149)
	at java.util.concurrent.ThreadPoolExecutor$Worker.run(ThreadPoolExecutor.java:624)
	at java.lang.Thread.run(Thread.java:750)
2022-07-06 11:13:14,212 INFO shutdown jraft server

2022-07-06 11:13:14,225 INFO ========= The raft protocol is starting to close =========

2022-07-06 11:13:14,410 INFO ========= The raft protocol has been closed =========

