2022-07-06 09:15:26,392 INFO Nacos GrpcClusterServer Rpc server stopping

2022-07-06 09:15:26,414 INFO Nacos GrpcSdkServer Rpc server stopping

2022-07-06 09:15:26,555 INFO Nacos GrpcSdkServer Rpc server stopped successfully...

2022-07-06 09:15:26,555 INFO Nacos GrpcClusterServer Rpc server stopped successfully...

2022-07-06 09:36:50,673 INFO [ClientConnectionEventListenerRegistry] registry listener - ConnectionBasedClientManager

2022-07-06 09:36:51,740 INFO Init loader limit rule from local,rule=

2022-07-06 09:36:51,887 INFO [ClientConnectionEventListenerRegistry] registry listener - ConfigConnectionEventListener

2022-07-06 09:36:51,981 INFO [ClientConnectionEventListenerRegistry] registry listener - RpcAckCallbackInitorOrCleaner

2022-07-06 09:36:52,587 INFO Nacos GrpcSdkServer Rpc server starting at port 9848

2022-07-06 09:36:53,337 INFO Nacos GrpcSdkServer Rpc server started at port 9848

2022-07-06 09:36:53,340 INFO Nacos GrpcClusterServer Rpc server starting at port 9849

2022-07-06 09:36:53,342 INFO Nacos GrpcClusterServer Rpc server started at port 9849

2022-07-06 09:41:04,036 INFO Nacos GrpcSdkServer Rpc server stopping

2022-07-06 09:41:04,042 INFO Nacos GrpcClusterServer Rpc server stopping

2022-07-06 09:41:04,117 INFO Nacos GrpcClusterServer Rpc server stopped successfully...

2022-07-06 09:41:04,121 INFO Nacos GrpcSdkServer Rpc server stopped successfully...

2022-07-06 11:09:04,729 INFO [ClientConnectionEventListenerRegistry] registry listener - ConnectionBasedClientManager

2022-07-06 11:09:05,888 INFO Init loader limit rule from local,rule=

2022-07-06 11:09:06,133 INFO [ClientConnectionEventListenerRegistry] registry listener - ConfigConnectionEventListener

2022-07-06 11:09:06,190 INFO [ClientConnectionEventListenerRegistry] registry listener - RpcAckCallbackInitorOrCleaner

2022-07-06 11:09:06,779 INFO Nacos GrpcSdkServer Rpc server starting at port 9848

2022-07-06 11:09:07,367 INFO Nacos GrpcSdkServer Rpc server started at port 9848

2022-07-06 11:09:07,369 INFO Nacos GrpcClusterServer Rpc server starting at port 9849

2022-07-06 11:09:07,370 INFO Nacos GrpcClusterServer Rpc server started at port 9849

2022-07-06 11:13:14,160 INFO Nacos GrpcSdkServer Rpc server stopping

2022-07-06 11:13:14,211 INFO Nacos GrpcClusterServer Rpc server stopping

2022-07-06 11:13:14,212 INFO Nacos GrpcClusterServer Rpc server stopped successfully...

2022-07-06 11:13:14,222 INFO Nacos GrpcSdkServer Rpc server stopped successfully...

